  CAttackState.cpp
  CBufferMgr.cpp
  CBullet.cpp
  CCamera.cpp
  CCentral.cpp
  CChaseState.cpp
  CCollider.cpp
  CColliderBuffer.cpp
  CCollisionMgr.cpp
  CColliderShader.cpp
  CComponent.cpp
  CD3DApp.cpp
  CDepthShader.cpp
  CDepthTexture.cpp
  CEpicMonster.cpp
  CEventMgr.cpp
  CExitButton.cpp
  CFbxMgr.cpp
  CGameMgr.cpp
  CIdleState.cpp
  코드를 생성하고 있습니다...
  컴파일하고 있습니다...
  CKeyMgr.cpp
  CLight.cpp
  CMenuButton.cpp
  CMonster.cpp
  CNormalMonster.cpp
  CObject.cpp
  CObjectBuffer.cpp
  CPanelUI.cpp
  CPatrolState.cpp
  CPlane.cpp
  CPlayer.cpp
  CCommonShader.cpp
  CPlayerController.cpp
  CResumeButton.cpp
  CRigidBody.cpp
  CScene.cpp
  CSceneMgr.cpp
  CShaderMgr.cpp
  CShadowShader.cpp
  CStage1Button.cpp
  코드를 생성하고 있습니다...
  컴파일하고 있습니다...
  CStage1Scene.cpp
  CStage2Button.cpp
  CStage2Scene.cpp
  CStage3Button.cpp
  CStage3Scene.cpp
  CStartScene.cpp
  CState.cpp
  CStructure.cpp
  CTexture.cpp
  CTextureMgr.cpp
  CUIMgr.cpp
  CUIShader.cpp
  CTimeMgr.cpp
  CUI.cpp
  CUIBuffer.cpp
  CWall.cpp
  DDSTextureLoader11.cpp
  main.cpp
  코드를 생성하고 있습니다...
  Endless.vcxproj -> C:\Users\sejin\Desktop\folder\Portfolio\Endless\build\Debug\Endless.exe
